<?xml version="1.0" encoding="UTF-8"?>
<testsuite name="com.example.demo.KafkaDemoGradleApplicationTests" tests="1" skipped="0" failures="0" errors="0" timestamp="2024-02-18T15:47:16" hostname="F1D00461J186.local" time="1.029">
  <properties/>
  <testcase name="contextLoads()" classname="com.example.demo.KafkaDemoGradleApplicationTests" time="1.029"/>
  <system-out><![CDATA[10:47:15.117 [Test worker] INFO org.springframework.test.context.support.AnnotationConfigContextLoaderUtils -- Could not detect default configuration classes for test class [com.example.demo.KafkaDemoGradleApplicationTests]: KafkaDemoGradleApplicationTests does not declare any static, non-private, non-final, nested classes annotated with @Configuration.
10:47:15.266 [Test worker] INFO org.springframework.boot.test.context.SpringBootTestContextBootstrapper -- Found @SpringBootConfiguration com.example.demo.KafkaDemoGradleApplication for test class com.example.demo.KafkaDemoGradleApplicationTests

  .   ____          _            __ _ _
 /\\ / ___'_ __ _ _(_)_ __  __ _ \ \ \ \
( ( )\___ | '_ | '_| | '_ \/ _` | \ \ \ \
 \\/  ___)| |_)| | | | | || (_| |  ) ) ) )
  '  |____| .__|_| |_|_| |_\__, | / / / /
 =========|_|==============|___/=/_/_/_/
 :: Spring Boot ::                (v3.2.2)

2024-02-18T10:47:15.771-05:00  INFO 33055 --- [    Test worker] c.e.d.KafkaDemoGradleApplicationTests    : Starting KafkaDemoGradleApplicationTests using Java 17.0.10 with PID 33055 (started by imitcol20 in /Users/imitcol20/Documents/Robert/demo-kafka)
2024-02-18T10:47:15.773-05:00  INFO 33055 --- [    Test worker] c.e.d.KafkaDemoGradleApplicationTests    : No active profile set, falling back to 1 default profile: "default"
2024-02-18T10:47:16.825-05:00  INFO 33055 --- [    Test worker] c.e.d.KafkaDemoGradleApplicationTests    : Started KafkaDemoGradleApplicationTests in 1.328 seconds (process running for 2.819)
]]></system-out>
  <system-err><![CDATA[]]></system-err>
</testsuite>
